[INFO ] 2025-09-23 22:13:59.132 [main] MyStoreV1 - URL Launched
[INFO ] 2025-09-23 22:16:19.236 [main] MyStoreV1 - URL Launched
[INFO ] 2025-09-23 22:19:04.145 [main] MyStoreV1 - URL Launched
[INFO ] 2025-09-23 22:27:42.780 [main] MyStoreV1 - URL Launched
[INFO ] 2025-09-23 22:27:44.327 [main] MyStoreV1 - ***************TestCase VerifyLogin starts*****************
[INFO ] 2025-09-23 22:27:45.236 [main] MyStoreV1 - Clicked on sign in link
[INFO ] 2025-09-23 22:27:45.723 [main] MyStoreV1 - Entered email address
[INFO ] 2025-09-23 22:27:45.961 [main] MyStoreV1 - Entered password
[INFO ] 2025-09-23 22:27:46.227 [main] MyStoreV1 - Clicked on sign in link..
[INFO ] 2025-09-23 22:27:56.330 [main] MyStoreV1 - ***************TestCase VerifyLogin starts*****************
[INFO ] 2025-09-23 22:28:00.530 [main] MyStoreV1 - Clicked on sign in link
[INFO ] 2025-09-23 22:28:00.629 [main] MyStoreV1 - Entered email address
[INFO ] 2025-09-23 22:28:00.777 [main] MyStoreV1 - Entered password
[INFO ] 2025-09-23 22:28:00.980 [main] MyStoreV1 - Clicked on sign in link..
[INFO ] 2025-09-23 22:29:24.832 [main] MyStoreV1 - URL Launched
[INFO ] 2025-09-23 22:29:26.088 [main] MyStoreV1 - URL Launched
[INFO ] 2025-09-23 22:29:26.778 [main] MyStoreV1 - ***************TestCase VerifyLogin starts*****************
[INFO ] 2025-09-23 22:29:27.696 [main] MyStoreV1 - Clicked on sign in link
[INFO ] 2025-09-23 22:29:28.097 [main] MyStoreV1 - Entered email address
[INFO ] 2025-09-23 22:29:28.313 [main] MyStoreV1 - Entered password
[INFO ] 2025-09-23 22:29:28.547 [main] MyStoreV1 - Clicked on sign in link..
[INFO ] 2025-09-23 22:29:29.529 [main] MyStoreV1 - ***************TestCase VerifyLogin starts*****************
[INFO ] 2025-09-23 22:29:30.885 [main] MyStoreV1 - Clicked on sign in link
[INFO ] 2025-09-23 22:29:31.485 [main] MyStoreV1 - Entered email address
[INFO ] 2025-09-23 22:29:31.740 [main] MyStoreV1 - Entered password
[INFO ] 2025-09-23 22:29:32.007 [main] MyStoreV1 - Clicked on sign in link..
[INFO ] 2025-09-23 22:29:38.649 [main] MyStoreV1 - ***************TestCase VerifyLogin starts*****************
[INFO ] 2025-09-23 22:29:40.386 [main] MyStoreV1 - Clicked on sign in link
[INFO ] 2025-09-23 22:29:40.573 [main] MyStoreV1 - Entered email address
[INFO ] 2025-09-23 22:29:40.868 [main] MyStoreV1 - Entered password
[INFO ] 2025-09-23 22:29:41.012 [main] MyStoreV1 - Clicked on sign in link..
[INFO ] 2025-09-23 22:29:42.139 [main] MyStoreV1 - ***************TestCase VerifyLogin starts*****************
[INFO ] 2025-09-23 22:29:43.037 [main] MyStoreV1 - Clicked on sign in link
[INFO ] 2025-09-23 22:29:43.281 [main] MyStoreV1 - Entered email address
[INFO ] 2025-09-23 22:29:43.383 [main] MyStoreV1 - Entered password
[INFO ] 2025-09-23 22:29:43.491 [main] MyStoreV1 - Clicked on sign in link..
[INFO ] 2025-09-23 22:30:10.019 [main] MyStoreV1 - URL Launched
[INFO ] 2025-09-23 22:30:11.773 [main] MyStoreV1 - ***************TestCase VerifyLogin starts*****************
[INFO ] 2025-09-23 22:30:12.654 [main] MyStoreV1 - Clicked on sign in link
[INFO ] 2025-09-23 22:30:12.788 [main] MyStoreV1 - Entered email address
[INFO ] 2025-09-23 22:30:12.971 [main] MyStoreV1 - Entered password
[INFO ] 2025-09-23 22:30:13.045 [main] MyStoreV1 - Clicked on sign in link..
[INFO ] 2025-09-23 22:30:23.116 [main] MyStoreV1 - ***************TestCase VerifyLogin starts*****************
[INFO ] 2025-09-23 22:30:24.858 [main] MyStoreV1 - Clicked on sign in link
[INFO ] 2025-09-23 22:30:24.983 [main] MyStoreV1 - Entered email address
[INFO ] 2025-09-23 22:30:25.165 [main] MyStoreV1 - Entered password
[INFO ] 2025-09-23 22:30:25.247 [main] MyStoreV1 - Clicked on sign in link..
[INFO ] 2025-09-23 22:33:56.886 [main] MyStoreV1 - URL Launched
[INFO ] 2025-09-23 22:33:58.727 [main] MyStoreV1 - ***************TestCase VerifyLogin starts*****************
[INFO ] 2025-09-23 22:33:59.715 [main] MyStoreV1 - Clicked on sign in link
[INFO ] 2025-09-23 22:33:59.928 [main] MyStoreV1 - Entered email address
[INFO ] 2025-09-23 22:34:00.016 [main] MyStoreV1 - Entered password
[INFO ] 2025-09-23 22:34:00.173 [main] MyStoreV1 - Clicked on sign in link..
[INFO ] 2025-09-23 22:34:10.233 [main] MyStoreV1 - ***************TestCase VerifyLogin starts*****************
[INFO ] 2025-09-23 22:34:12.057 [main] MyStoreV1 - Clicked on sign in link
[INFO ] 2025-09-23 22:34:12.235 [main] MyStoreV1 - Entered email address
[INFO ] 2025-09-23 22:34:12.330 [main] MyStoreV1 - Entered password
[INFO ] 2025-09-23 22:34:12.399 [main] MyStoreV1 - Clicked on sign in link..
[INFO ] 2025-09-23 22:35:37.417 [main] MyStoreV1 - URL Launched
[INFO ] 2025-09-23 22:37:21.736 [main] MyStoreV1 - URL Launched
[INFO ] 2025-09-23 22:39:38.857 [main] MyStoreV1 - URL Launched
[INFO ] 2025-09-23 22:44:11.678 [main] MyStoreV1 - URL Launched
[INFO ] 2025-09-23 22:44:13.633 [main] MyStoreV1 - ***************TestCase VerifyLogin starts*****************
[INFO ] 2025-09-23 22:44:14.567 [main] MyStoreV1 - Clicked on sign in link
[INFO ] 2025-09-23 22:44:14.670 [main] MyStoreV1 - Entered email address
[INFO ] 2025-09-23 22:44:14.827 [main] MyStoreV1 - Entered password
[INFO ] 2025-09-23 22:44:14.971 [main] MyStoreV1 - Clicked on sign in link..
[INFO ] 2025-09-23 22:44:25.096 [main] MyStoreV1 - ***************TestCase VerifyLogin starts*****************
[INFO ] 2025-09-23 22:44:27.359 [main] MyStoreV1 - Clicked on sign in link
[INFO ] 2025-09-23 22:44:27.623 [main] MyStoreV1 - Entered email address
[INFO ] 2025-09-23 22:44:27.782 [main] MyStoreV1 - Entered password
[INFO ] 2025-09-23 22:44:27.990 [main] MyStoreV1 - Clicked on sign in link..
[INFO ] 2025-09-23 22:45:50.350 [main] MyStoreV1 - URL Launched
[INFO ] 2025-09-23 22:45:52.236 [main] MyStoreV1 - ***************TestCase VerifyLogin starts*****************
[INFO ] 2025-09-23 22:45:53.777 [main] MyStoreV1 - Clicked on sign in link
[INFO ] 2025-09-23 22:45:53.907 [main] MyStoreV1 - Entered email address
[INFO ] 2025-09-23 22:45:53.986 [main] MyStoreV1 - Entered password
[INFO ] 2025-09-23 22:45:54.038 [main] MyStoreV1 - Clicked on sign in link..
[INFO ] 2025-09-23 22:45:57.471 [main] MyStoreV1 - VerifyLogin - Passed
[INFO ] 2025-09-23 22:45:59.102 [main] MyStoreV1 - ***************TestCase Verify login ends*****************
[INFO ] 2025-09-23 22:45:59.110 [main] MyStoreV1 - ***************TestCase VerifyLogin starts*****************
[INFO ] 2025-09-23 22:45:59.875 [main] MyStoreV1 - Clicked on sign in link
[INFO ] 2025-09-23 22:45:59.981 [main] MyStoreV1 - Entered email address
[INFO ] 2025-09-23 22:46:00.104 [main] MyStoreV1 - Entered password
[INFO ] 2025-09-23 22:46:02.692 [main] MyStoreV1 - Clicked on sign in link..
[INFO ] 2025-09-23 22:50:08.782 [main] MyStoreV1 - URL Launched
[INFO ] 2025-09-23 22:50:10.461 [main] MyStoreV1 - ***************TestCase VerifyLogin starts*****************
[INFO ] 2025-09-23 22:50:11.299 [main] MyStoreV1 - Clicked on sign in link
[INFO ] 2025-09-23 22:50:11.479 [main] MyStoreV1 - Entered email address
[INFO ] 2025-09-23 22:50:11.624 [main] MyStoreV1 - Entered password
[INFO ] 2025-09-23 22:50:15.276 [main] MyStoreV1 - Clicked on sign in link..
[INFO ] 2025-09-23 22:50:15.313 [main] MyStoreV1 - VerifyLogin - Passed
[INFO ] 2025-09-23 22:50:16.625 [main] MyStoreV1 - ***************TestCase Verify login ends*****************
[INFO ] 2025-09-23 22:50:16.629 [main] MyStoreV1 - ***************TestCase VerifyLogin starts*****************
[INFO ] 2025-09-23 22:50:17.423 [main] MyStoreV1 - Clicked on sign in link
[INFO ] 2025-09-23 22:50:17.539 [main] MyStoreV1 - Entered email address
[INFO ] 2025-09-23 22:50:17.796 [main] MyStoreV1 - Entered password
[INFO ] 2025-09-23 22:50:20.182 [main] MyStoreV1 - Clicked on sign in link..
[INFO ] 2025-09-23 22:50:20.225 [main] MyStoreV1 - VerifyLogin - Passed
[INFO ] 2025-09-23 22:50:21.387 [main] MyStoreV1 - ***************TestCase Verify login ends*****************
[INFO ] 2025-09-23 22:51:41.008 [main] MyStoreV1 - URL Launched
[INFO ] 2025-09-23 22:51:42.753 [main] MyStoreV1 - ***************TestCase VerifyLogin starts*****************
[INFO ] 2025-09-23 22:51:44.010 [main] MyStoreV1 - Clicked on sign in link
[INFO ] 2025-09-23 22:51:44.443 [main] MyStoreV1 - Entered email address
[INFO ] 2025-09-23 22:51:44.657 [main] MyStoreV1 - Entered password
[INFO ] 2025-09-23 22:51:47.184 [main] MyStoreV1 - Clicked on sign in link..
[INFO ] 2025-09-23 22:51:47.266 [main] MyStoreV1 - VerifyLogin - Passed
[INFO ] 2025-09-23 22:51:48.585 [main] MyStoreV1 - ***************TestCase Verify login ends*****************
[INFO ] 2025-09-23 22:51:48.598 [main] MyStoreV1 - ***************TestCase VerifyLogin starts*****************
[INFO ] 2025-09-23 22:51:49.556 [main] MyStoreV1 - Clicked on sign in link
[INFO ] 2025-09-23 22:51:49.749 [main] MyStoreV1 - Entered email address
[INFO ] 2025-09-23 22:51:49.975 [main] MyStoreV1 - Entered password
[INFO ] 2025-09-23 22:51:50.108 [main] MyStoreV1 - Clicked on sign in link..
[INFO ] 2025-09-23 22:51:52.831 [main] MyStoreV1 - VerifyLogin - Passed
[INFO ] 2025-09-23 22:51:54.352 [main] MyStoreV1 - ***************TestCase Verify login ends*****************
[INFO ] 2025-09-23 22:54:20.815 [main] MyStoreV1 - URL Launched
[INFO ] 2025-09-23 22:54:22.692 [main] MyStoreV1 - ***************TestCase VerifyLogin starts*****************
[INFO ] 2025-09-23 22:54:23.746 [main] MyStoreV1 - Clicked on sign in link
[INFO ] 2025-09-23 22:54:24.401 [main] MyStoreV1 - Entered email address
[INFO ] 2025-09-23 22:54:24.707 [main] MyStoreV1 - Entered password
[INFO ] 2025-09-23 22:54:24.942 [main] MyStoreV1 - Clicked on sign in link..
[INFO ] 2025-09-23 22:54:33.732 [main] MyStoreV1 - VerifyLogin - Passed
[INFO ] 2025-09-23 22:54:35.409 [main] MyStoreV1 - ***************TestCase Verify login ends*****************
[INFO ] 2025-09-23 22:54:35.420 [main] MyStoreV1 - ***************TestCase VerifyLogin starts*****************
[INFO ] 2025-09-23 22:54:36.669 [main] MyStoreV1 - Clicked on sign in link
[INFO ] 2025-09-23 22:54:36.788 [main] MyStoreV1 - Entered email address
[INFO ] 2025-09-23 22:54:37.162 [main] MyStoreV1 - Entered password
[INFO ] 2025-09-23 22:54:37.374 [main] MyStoreV1 - Clicked on sign in link..
[INFO ] 2025-09-23 22:54:43.939 [main] MyStoreV1 - VerifyLogin - Passed
[INFO ] 2025-09-23 22:54:45.395 [main] MyStoreV1 - ***************TestCase Verify login ends*****************
[INFO ] 2025-09-23 22:54:45.401 [main] MyStoreV1 - ***************TestCase Verify Registration and Login starts*****************
[INFO ] 2025-09-23 22:54:46.146 [main] MyStoreV1 - Clicked on Sign In Link
[INFO ] 2025-09-23 22:54:46.541 [main] MyStoreV1 - Email address entered in create account section.
[INFO ] 2025-09-23 22:54:46.650 [main] MyStoreV1 - Clicked on Sign Up Button
[INFO ] 2025-09-23 23:03:13.083 [main] MyStoreV1 - URL Launched
[INFO ] 2025-09-23 23:03:13.104 [main] MyStoreV1 - ***************TestCase Verify Login starts*****************
[INFO ] 2025-09-23 23:03:13.918 [main] MyStoreV1 - Clicked on Sign In Link
[INFO ] 2025-09-23 23:03:15.951 [main] MyStoreV1 - User entered Details and Clicked on Login CTA
[INFO ] 2025-09-23 23:03:15.998 [main] MyStoreV1 - Verify login Passed
[INFO ] 2025-09-23 23:03:16.010 [main] MyStoreV1 - ***************TestCase Verify Registration and Login starts*****************
[INFO ] 2025-09-25 00:20:58.199 [main] MyStoreV1 - URL Launched
[INFO ] 2025-09-25 00:20:58.220 [main] MyStoreV1 - ***************TestCase Verify Login starts*****************
[INFO ] 2025-09-25 00:20:58.812 [main] MyStoreV1 - Clicked on Sign In Link
[INFO ] 2025-09-25 00:20:59.128 [main] MyStoreV1 - User entered Details and Clicked on Login CTA
[INFO ] 2025-09-25 00:21:01.503 [main] MyStoreV1 - Verify Login Failed
[INFO ] 2025-09-25 00:21:01.862 [main] MyStoreV1 - ***************TestCase Verify Registration and Login starts*****************
[INFO ] 2025-09-25 00:22:15.085 [main] MyStoreV1 - URL Launched
[INFO ] 2025-09-25 00:22:15.132 [main] MyStoreV1 - ***************TestCase Verify Registration and Login starts*****************
[INFO ] 2025-09-25 00:22:15.829 [main] MyStoreV1 - Clicked on Sign In Link
[INFO ] 2025-09-25 00:22:15.993 [main] MyStoreV1 - Email address entered in create account section.
[INFO ] 2025-09-25 00:22:16.102 [main] MyStoreV1 - Clicked on Sign Up Button
[INFO ] 2025-09-25 00:22:26.273 [main] MyStoreV1 - ***************TestCase Verify Login starts*****************
[INFO ] 2025-09-25 00:22:27.856 [main] MyStoreV1 - Clicked on Sign In Link
[INFO ] 2025-09-25 00:22:30.801 [main] MyStoreV1 - User entered Details and Clicked on Login CTA
[INFO ] 2025-09-25 00:22:30.851 [main] MyStoreV1 - Verify Login Failed
[INFO ] 2025-09-25 00:25:25.152 [main] MyStoreV1 - URL Launched
[INFO ] 2025-09-25 00:25:25.187 [main] MyStoreV1 - ***************TestCase Verify Registration and Login starts*****************
[INFO ] 2025-09-25 00:25:25.826 [main] MyStoreV1 - Clicked on Sign In Link
[INFO ] 2025-09-25 00:25:25.976 [main] MyStoreV1 - Email address entered in create account section.
[INFO ] 2025-09-25 00:25:26.040 [main] MyStoreV1 - Clicked on Sign Up Button
[INFO ] 2025-09-25 00:30:23.282 [main] MyStoreV1 - URL Launched
[INFO ] 2025-09-25 00:30:23.334 [main] MyStoreV1 - ***************TestCase Verify Registration and Login starts*****************
[INFO ] 2025-09-25 00:30:32.735 [main] MyStoreV1 - Clicked on Sign In Link
[INFO ] 2025-09-25 00:30:33.064 [main] MyStoreV1 - Email address entered in create account section.
[INFO ] 2025-09-25 00:30:33.236 [main] MyStoreV1 - Clicked on Sign Up Button
[INFO ] 2025-09-25 00:30:43.379 [main] MyStoreV1 - ***************TestCase Verify Login starts*****************
[INFO ] 2025-09-25 00:30:45.055 [main] MyStoreV1 - Clicked on Sign In Link
[INFO ] 2025-09-25 00:30:45.613 [main] MyStoreV1 - User entered Details and Clicked on Login CTA
[INFO ] 2025-09-25 00:30:48.337 [main] MyStoreV1 - Verify Login Failed
[INFO ] 2025-09-25 00:31:19.618 [main] MyStoreV1 - URL Launched
[INFO ] 2025-09-25 00:31:19.641 [main] MyStoreV1 - ***************TestCase Verify Registration and Login starts*****************
[INFO ] 2025-09-25 00:31:20.306 [main] MyStoreV1 - Clicked on Sign In Link
[INFO ] 2025-09-25 00:31:20.556 [main] MyStoreV1 - Email address entered in create account section.
[INFO ] 2025-09-25 00:31:20.610 [main] MyStoreV1 - Clicked on Sign Up Button
[INFO ] 2025-09-25 20:08:12.120 [main] MyStoreV1 - URL Launched
[INFO ] 2025-09-25 20:08:12.139 [main] MyStoreV1 - ***************TestCase Verify Login starts*****************
[INFO ] 2025-09-25 20:08:12.732 [main] MyStoreV1 - Clicked on Sign In Link
[INFO ] 2025-09-25 20:08:12.868 [main] MyStoreV1 - User entered Details and Clicked on Login CTA
[INFO ] 2025-09-25 20:08:16.030 [main] MyStoreV1 - Verify Login Failed
[INFO ] 2025-09-25 20:11:11.686 [main] MyStoreV1 - URL Launched
[INFO ] 2025-09-25 20:11:11.696 [main] MyStoreV1 - ***************TestCase Verify Login starts*****************
[INFO ] 2025-09-25 20:11:12.482 [main] MyStoreV1 - Clicked on Sign In Link
[INFO ] 2025-09-25 20:11:16.420 [main] MyStoreV1 - User entered Details and Clicked on Login CTA
[INFO ] 2025-09-25 20:11:16.444 [main] MyStoreV1 - Verify login Passed
